Start testing: Apr 09 07:30 CST
----------------------------------------------------------
8/11 Testing: http_smoke_test
8/11 Test: http_smoke_test
Command: "/home/yun/design/high-concurrency-runtime/build-tests/tests/http_smoke_test"
Directory: /home/yun/design/high-concurrency-runtime/build-tests/tests
"http_smoke_test" start time: Apr 09 07:30 CST
Output:
----------------------------------------------------------
[PASS] http_smoke_test
<end of output>
Test time =   0.00 sec
----------------------------------------------------------
Test Passed.
"http_smoke_test" end time: Apr 09 07:30 CST
"http_smoke_test" time elapsed: 00:00:00
----------------------------------------------------------

End testing: Apr 09 07:30 CST
